file /home/dglazier/Dropbox/hsana/Events/ExtraPackages/hipo/rhipo/chipo/libcpp/SConstruct,line 21:
	Configure(confdir = .sconf_temp /home/dglazier/Dropbox/hsana/Events/ExtraPackages/lz4/lz4-1.7.5/lib)
scons: Configure: Checking for C library liblz4... 
scons: Configure: ".sconf_temp /home/dglazier/Dropbox/hsana/Events/ExtraPackages/lz4/lz4-1.7.5/lib/conftest_0.c" is up to date.
scons: Configure: The original builder output was:
  |.sconf_temp /home/dglazier/Dropbox/hsana/Events/ExtraPackages/lz4/lz4-1.7.5/lib/conftest_0.c <-
  |  |
  |  |
  |  |
  |  |int
  |  |main() {
  |  |  
  |  |return 0;
  |  |}
  |  |
  |
scons: Configure: Building ".sconf_temp /home/dglazier/Dropbox/hsana/Events/ExtraPackages/lz4/lz4-1.7.5/lib/conftest_0.o" failed in a previous run and all its sources are up to date.
scons: Configure: The original builder output was:
  |gcc -o ".sconf_temp /home/dglazier/Dropbox/hsana/Events/ExtraPackages/lz4/lz4-1.7.5/lib/conftest_0.o" -c -O2 -fPIC -m64 -fmessage-length=0 -g -Iinclude -I. -I/usr/include -I/usr/local/include -I/opt/local/include -I/group/clas12/packages/lz4/lib -I/home/dglazier/Dropbox/hsana/Events/ExtraPackages/lz4/lz4-1.7.5/lib -Isrc/root -Isrc/evio ".sconf_temp /home/dglazier/Dropbox/hsana/Events/ExtraPackages/lz4/lz4-1.7.5/lib/conftest_0.c"
  |
scons: Configure: (cached) no

scons: Configure: Checking for C library libz... 
scons: Configure: Building ".sconf_temp /home/dglazier/Dropbox/hsana/Events/ExtraPackages/lz4/lz4-1.7.5/lib/conftest_1.c" failed in a previous run and all its sources are up to date.
scons: Configure: The original builder output was:
  |.sconf_temp /home/dglazier/Dropbox/hsana/Events/ExtraPackages/lz4/lz4-1.7.5/lib/conftest_1.c <-
  |  |
  |  |
  |  |
  |  |int
  |  |main() {
  |  |  
  |  |return 0;
  |  |}
  |  |
  |
scons: Configure: (cached) no

